<?xml version="1.0" encoding="UTF-8"?>
<!-- Generated by org.testng.reporters.JUnitXMLReporter -->
<testsuite ignored="0" hostname="DESKTOP-E5RTUM6" failures="0" tests="3" name="Test" time="42.711" errors="0" timestamp="2024-11-25T12:43:35 IST">
  <testcase classname="pom2_swgpage.SWG_Test2" name="Login" time="16.906"/>
  <testcase classname="pom2_swgpage.SWG_Test1" name="Login" time="10.814"/>
  <testcase classname="pom2_swgpage.SWG_Test3" name="Login" time="14.93"/>
</testsuite> <!-- Test -->
