<?xml version="1.0" encoding="UTF-8"?>
<testng-results ignored="0" total="1" passed="1" failed="0" skipped="0">
  <reporter-output>
  </reporter-output>
  <suite started-at="2025-01-30T11:55:37 IST" name="Default suite" finished-at="2025-01-30T11:55:46 IST" duration-ms="8827">
    <groups>
    </groups>
    <test started-at="2025-01-30T11:55:37 IST" name="Default test" finished-at="2025-01-30T11:55:46 IST" duration-ms="8827">
      <class name="Javascriptexecutor.ebaytest1">
        <test-method signature="ebaytest()[pri:0, instance:Javascriptexecutor.ebaytest1@28f2a10f]" started-at="2025-01-30T11:55:37 IST" name="ebaytest" finished-at="2025-01-30T11:55:46 IST" duration-ms="8751" status="PASS">
          <reporter-output>
          </reporter-output>
        </test-method> <!-- ebaytest -->
      </class> <!-- Javascriptexecutor.ebaytest1 -->
    </test> <!-- Default test -->
  </suite> <!-- Default suite -->
</testng-results>
